INFO: latexindent.pl version 3.4.1, 2018-01-18, a script to indent .tex files
      latexindent.pl lives here: C:/Users/GAK/AppData/Roaming/MiKTeX/2.9/scripts/latexindent/
      Thu Mar  1 11:35:54 2018
      Filename: c:\Users\GAK\Google Drive\Diploma\thesis-files\lib\__latexindent_temp.tex
INFO: Processing switches:
      -y|--yaml: YAML settings specified via command line
      -c|--cruft: cruft directory
INFO: Directory for backup files and c:\Users\GAK\Google Drive\Diploma\thesis-files\libindent.log: c:\Users\GAK\Google Drive\Diploma\thesis-files\lib
INFO: Perl modules are being loaded from the following directories:
      C:/Perl64/lib/FindBin.pm
      C:/Perl64/site/lib/YAML/Tiny.pm
      C:/Perl64/lib/File/Copy.pm
      C:/Perl64/lib/File/Basename.pm
      C:/Perl64/lib/Getopt/Long.pm
      C:/Perl64/lib/File/HomeDir.pm
      C:/Perl64/site/lib/Unicode/GCString.pm
      C:/Perl64/site/lib/Log/Log4perl.pm
INFO: Latex Indent perl modules are being loaded from, for example:
      C:/Users/GAK/AppData/Roaming/MiKTeX/2.9/scripts/latexindent/LatexIndent/Document.pm
INFO: YAML settings read: defaultSettings.yaml
      Reading defaultSettings.yaml from C:/Users/GAK/AppData/Roaming/MiKTeX/2.9/scripts/latexindent/defaultSettings.yaml
INFO: YAML settings read: indentconfig.yaml or .indentconfig.yaml
      Home directory is C:\Users\GAK (didn't find either indentconfig.yaml or .indentconfig.yaml)
      To specify user settings you would put indentconfig.yaml here: C:\Users\GAK/indentconfig.yaml
      Alternatively, you can use the hidden file .indentconfig.yaml as: C:\Users\GAK/.indentconfig.yaml
INFO: YAML settings read: -y switch
      Updating masterSettings with defaultIndent:     
INFO: Phase 1: searching for objects
INFO: Phase 2: finding surrounding indentation
INFO: Phase 3: indenting objects
INFO: Phase 4: final indentation check
INFO: Output routine:
      Not outputting to file; see -w and -o switches for more options.
      --------------
INFO: Please direct all communication/issues to:
      https://github.com/cmhughes/latexindent.pl
